0 silly input [ 'test' ]
1 silly flags { _: [ 'run' ],
1 silly flags   'reject-cycles': false,
1 silly flags   rejectCycles: false,
1 silly flags   script: 'test',
1 silly flags   args: [] }
2 verbose rootPath /Users/i_van_hoorne/Documents/dev/codesandbox/git-extractor
3 info version 2.11.0
4 silly existsSync /Users/i_van_hoorne/Documents/dev/codesandbox/git-extractor/VERSION
5 silly initialize attempt
6 silly initialize success
7 silly execute attempt
8 silly runScriptInDir test [] git-extractor
9 silly getExecOpts { cwd:
9 silly getExecOpts    '/Users/i_van_hoorne/Documents/dev/codesandbox/git-extractor/packages/git-extractor' }
10 silly runScriptInDir test [] import-utils
11 silly getExecOpts { cwd:
11 silly getExecOpts    '/Users/i_van_hoorne/Documents/dev/codesandbox/git-extractor/packages/import-utils' }
12 error test Errored while running script in 'git-converter'
13 error execute callback with error
14 error Error: Command failed: yarn run test
14 error ts-jest[main] (WARN) Replace any occurrences of "ts-jest/dist/preprocessor.js" or  "<rootDir>/node_modules/ts-jest/preprocessor.js" in the 'transform' section of your Jest config with just "ts-jest".
14 error FAIL src/routes/github/push/utils/__tests__/delta.test.ts
14 error   ● Test suite failed to run
14 error
14 error     TypeScript diagnostics (customize using `[jest-config].globals.ts-jest.diagnostics` option):
14 error     [96msrc/routes/github/push/utils/__tests__/delta.test.ts[0m:[93m124[0m:[93m36[0m - [91merror[0m[90m TS2345: [0mArgument of type '{ "src/App.js": null; }' is not assignable to parameter of type 'INormalizedModules'.
14 error       Property '"src/App.js"' is incompatible with index signature.
14 error         Type 'null' is not assignable to type 'IModule'.
14 error
14 error     [7m124[0m       expect(getDelta(SAMPLE_TREE, newModules)).toEqual({
14 error     [7m   [0m [91m                                   ~~~~~~~~~~[0m
14 error
14 error Test Suites: 1 failed, 1 total
14 error Tests:       0 total
14 error Snapshots:   0 total
14 error Time:        26.742s
14 error Ran all test suites.
14 error error Command failed with exit code 1.
14 error $ jest
14 error info Visit https://yarnpkg.com/en/docs/cli/run for documentation about this command.
14 error
14 error     at Promise.all.then.arr (/Users/i_van_hoorne/Documents/dev/codesandbox/git-extractor/node_modules/lerna/node_modules/execa/index.js:236:11)
